##2025-03-14 俄语词性分析报告
分析句子
1."Я люблю читать книги."
2."Собака бежит по парку."
3."Зимой идет снег."
4."Президент выступил с речью."
5."Математика — это наука о числах."
6."Мы поедем на поезде в Санкт-Петербург."
7."Кофе готовится из обжаренных зерен."
8."Интернет изменил способ общения людей."
9."Университет предлагает новые курсы."
10."Спорт помогает поддерживать здоровье."

统计结果
总单词数：（不含标点）：
===词性分布统计===
PRON:2(4.3%)
VERB:11(23.4%)
NOUN:21(44.7%)
ADP:6(12.8%)
PART:1(2.1%)
PROPN:3(6.4%)
ADJ:2(4.3%)
SPACE:1(2.1%)

典型结构发现
1.по+方位格名词
  例句："Собака бежит по парку."
  语法解释：介词по要求名词用方位格3格
2.с+名词五格
  例句："Президент выступил с речью."
  语法解释：介词с要求名词工具格
3.о+名词六格
   例句："Математика — это наука о числах."
   语法解释：介词о要求名词六格
4.на+名词六格
   例句："Мы поедем на поезде в Санкт-Петербург."
   语法解释：介词на表示交通方式，名词用六格
5.в+名词四格
  例句："Мы поедем на поезде в Санкт-Петербург."
  语法解释：介词в表示方向，用名词四格
6.из+名词二格
  例句："Кофе готовится из обжаренных зерен."
  语法解释：из此处表示来源，名词用二格